============================= test session starts ==============================
platform linux -- Python 3.9.0, pytest-6.1.2, py-1.9.0, pluggy-0.13.1
rootdir: /home/chips/aulas/compiladores/trabalhos/lispy-parser/run/150132590
plugins: json-report-1.2.4, metadata-1.11.0, hypothesis-5.41.4
collected 12 items

test_parser.py ....F.....FF                                              [100%]

=================================== FAILURES ===================================
___________ TestAnalisadorSintatico.test_rejeita_listas_desalinhadas ___________

self = <test_parser.TestAnalisadorSintatico object at 0x7fa973c474f0>

    def test_rejeita_listas_desalinhadas(self):
        assert rejects(")a b c(")
        assert rejects("(a b")
>       assert rejects("(a b))")
E       AssertionError: assert False
E        +  where False = rejects('(a b))')

test_parser.py:98: AssertionError
__ TestAnalisadorSintatico.test_inclui_comando_begin_em_sequencia_de_comandos __

self = <test_parser.TestAnalisadorSintatico object at 0x7fa973bfe760>

    def test_inclui_comando_begin_em_sequencia_de_comandos(self):
>       assert value("(cmd 1)\n(cmd 2)") == [
            symbol("begin"),
            [symbol("cmd"), 1],
            [symbol("cmd"), 2],
        ]
E       AssertionError: assert Tree('start', [[Symbol(value=Token('__ANON_0', 'cmd')), 1], [Symbol(value=Token('__ANON_0', 'cmd')), 2]]) == [Symbol(value='begin'), [Symbol(value='cmd'), 1], [Symbol(value='cmd'), 2]]
E        +  where Tree('start', [[Symbol(value=Token('__ANON_0', 'cmd')), 1], [Symbol(value=Token('__ANON_0', 'cmd')), 2]]) = value('(cmd 1)\n(cmd 2)')

test_parser.py:127: AssertionError
_____ TestAnalisadorSintatico.test_aceita_programa_completo_com_comentário _____

self = <test_parser.TestAnalisadorSintatico object at 0x7fa973bac670>

    def test_aceita_programa_completo_com_comentário(self):
        src = """
        ;; Fatorial
        (define fat (lambda (n)
            (if (<= n 1)
                1
                (* n (fat (- n 1))))))
    
        (print (fat 5))
        """
        print("Testando comando")
        print(src)
        s = symbol
>       assert value(src) == [
            s("begin"),
            [
                s("define"),
                s("fat"),
                [
                    s("lambda"),
                    [s("n")],
                    [
                        s("if"),
                        [s("<="), s("n"), 1],
                        1,
                        [s("*"), s("n"), [s("fat"), [s("-"), s("n"), 1]]],
                    ],
                ],
            ],
            [s("print"), [s("fat"), 5]],
        ]
E       AssertionError: assert Tree('start', [[Symbol(value=Token('__ANON_0', 'define')), Symbol(value=Token('__ANON_0', 'fat')), [Symbol(value=Token...n('__ANON_0', 'n')), 1]]]]]], [Symbol(value=Token('__ANON_0', 'print')), [Symbol(value=Token('__ANON_0', 'fat')), 5]]]) == [Symbol(value='begin'), [Symbol(value='define'), Symbol(value='fat'), [Symbol(value='lambda'), [Symbol(value='n')], [S...bol(value='*'), Symbol(value='n'), [Symbol(value='fat'), [...]]]]]], [Symbol(value='print'), [Symbol(value='fat'), 5]]]
E        +  where Tree('start', [[Symbol(value=Token('__ANON_0', 'define')), Symbol(value=Token('__ANON_0', 'fat')), [Symbol(value=Token...n('__ANON_0', 'n')), 1]]]]]], [Symbol(value=Token('__ANON_0', 'print')), [Symbol(value=Token('__ANON_0', 'fat')), 5]]]) = value('\n        ;; Fatorial\n        (define fat (lambda (n) \n            (if (<= n 1)\n                1\n                (* n (fat (- n 1))))))\n\n        (print (fat 5))\n        ')

test_parser.py:147: AssertionError
----------------------------- Captured stdout call -----------------------------
Testando comando

        ;; Fatorial
        (define fat (lambda (n) 
            (if (<= n 1)
                1
                (* n (fat (- n 1))))))

        (print (fat 5))
        
--------------------------------- JSON report ----------------------------------
JSON report written to: .report.json (13058 bytes)
=========================== short test summary info ============================
FAILED test_parser.py::TestAnalisadorSintatico::test_rejeita_listas_desalinhadas
FAILED test_parser.py::TestAnalisadorSintatico::test_inclui_comando_begin_em_sequencia_de_comandos
FAILED test_parser.py::TestAnalisadorSintatico::test_aceita_programa_completo_com_comentário
========================= 3 failed, 9 passed in 0.38s ==========================
