============================= test session starts ==============================
platform linux -- Python 3.9.0, pytest-6.1.2, py-1.9.0, pluggy-0.13.1
rootdir: /home/chips/aulas/compiladores/trabalhos/lispy-parser/run/160049733
plugins: json-report-1.2.4, metadata-1.11.0, hypothesis-5.41.4
collected 12 items

test_parser.py ..........FF                                              [100%]

=================================== FAILURES ===================================
__ TestAnalisadorSintatico.test_inclui_comando_begin_em_sequencia_de_comandos __

self = <test_parser.TestAnalisadorSintatico object at 0x7f0a8cea11f0>

    def test_inclui_comando_begin_em_sequencia_de_comandos(self):
>       assert value("(cmd 1)\n(cmd 2)") == [
            symbol("begin"),
            [symbol("cmd"), 1],
            [symbol("cmd"), 2],
        ]
E       AssertionError: assert [[Symbol(valu...ue='cmd'), 2]] == [Symbol(value...ue='cmd'), 2]]
E         At index 0 diff: [Symbol(value='cmd'), 1] != Symbol(value='begin')
E         Right contains one more item: [Symbol(value='cmd'), 2]
E         Use -v to get the full diff

test_parser.py:127: AssertionError
_____ TestAnalisadorSintatico.test_aceita_programa_completo_com_comentário _____

self = <test_parser.TestAnalisadorSintatico object at 0x7f0a8ce49be0>

    def test_aceita_programa_completo_com_comentário(self):
        src = """
        ;; Fatorial
        (define fat (lambda (n)
            (if (<= n 1)
                1
                (* n (fat (- n 1))))))
    
        (print (fat 5))
        """
        print("Testando comando")
        print(src)
        s = symbol
>       assert value(src) == [
            s("begin"),
            [
                s("define"),
                s("fat"),
                [
                    s("lambda"),
                    [s("n")],
                    [
                        s("if"),
                        [s("<="), s("n"), 1],
                        1,
                        [s("*"), s("n"), [s("fat"), [s("-"), s("n"), 1]]],
                    ],
                ],
            ],
            [s("print"), [s("fat"), 5]],
        ]
E       AssertionError: assert [[Symbol(valu...e='fat'), 5]]] == [Symbol(value...e='fat'), 5]]]
E         At index 0 diff: [Symbol(value='define'), Symbol(value='fat'), [Symbol(value='lambda'), [Symbol(value='n')], [Symbol(value='if'), [Symbol(value='<='), Symbol(value='n'), 1], 1, [Symbol(value='*'), Symbol(value='n'), [Symbol(value='fat'), [Symbol(value='-'), Symbol(value='n'), 1]]]]]] != Symbol(value='begin')
E         Right contains one more item: [Symbol(value='print'), [Symbol(value='fat'), 5]]
E         Use -v to get the full diff

test_parser.py:147: AssertionError
----------------------------- Captured stdout call -----------------------------
Testando comando

        ;; Fatorial
        (define fat (lambda (n) 
            (if (<= n 1)
                1
                (* n (fat (- n 1))))))

        (print (fat 5))
        
--------------------------------- JSON report ----------------------------------
JSON report written to: .report.json (11418 bytes)
=========================== short test summary info ============================
FAILED test_parser.py::TestAnalisadorSintatico::test_inclui_comando_begin_em_sequencia_de_comandos
FAILED test_parser.py::TestAnalisadorSintatico::test_aceita_programa_completo_com_comentário
========================= 2 failed, 10 passed in 0.19s =========================
